e:\garmentstudioqt\garmentstudioqt_170918\garmentstudioqt\core\originalprogramcomponent\nurbs++\nurbslib\release\nurbslib.pdb
e:\garmentstudioqt\garmentstudioqt_170918\garmentstudioqt\core\originalprogramcomponent\nurbs++\nurbslib\release\barray_hpoint.obj
e:\garmentstudioqt\garmentstudioqt_170918\garmentstudioqt\core\originalprogramcomponent\nurbs++\nurbslib\release\barray_float.obj
e:\garmentstudioqt\garmentstudioqt_170918\garmentstudioqt\core\originalprogramcomponent\nurbs++\nurbslib\release\barray_double.obj
e:\garmentstudioqt\garmentstudioqt_170918\garmentstudioqt\core\originalprogramcomponent\nurbs++\nurbslib\release\barray_coordinate.obj
e:\garmentstudioqt\garmentstudioqt_170918\garmentstudioqt\core\originalprogramcomponent\nurbs++\nurbslib\release\barray_complex.obj
e:\garmentstudioqt\garmentstudioqt_170918\garmentstudioqt\core\originalprogramcomponent\nurbs++\nurbslib\release\barray_char.obj
e:\garmentstudioqt\garmentstudioqt_170918\garmentstudioqt\core\originalprogramcomponent\nurbs++\nurbslib\release\barray2d_uchar.obj
e:\garmentstudioqt\garmentstudioqt_170918\garmentstudioqt\core\originalprogramcomponent\nurbs++\nurbslib\release\barray2d_point.obj
e:\garmentstudioqt\garmentstudioqt_170918\garmentstudioqt\core\originalprogramcomponent\nurbs++\nurbslib\release\barray2d_int.obj
e:\garmentstudioqt\garmentstudioqt_170918\garmentstudioqt\core\originalprogramcomponent\nurbs++\nurbslib\release\barray2d_hpoint.obj
e:\garmentstudioqt\garmentstudioqt_170918\garmentstudioqt\core\originalprogramcomponent\nurbs++\nurbslib\release\barray2d_float.obj
e:\garmentstudioqt\garmentstudioqt_170918\garmentstudioqt\core\originalprogramcomponent\nurbs++\nurbslib\release\barray2d_double.obj
e:\garmentstudioqt\garmentstudioqt_170918\garmentstudioqt\core\originalprogramcomponent\nurbs++\nurbslib\release\barray2d_coordinate.obj
e:\garmentstudioqt\garmentstudioqt_170918\garmentstudioqt\core\originalprogramcomponent\nurbs++\nurbslib\release\barray2d_complex.obj
e:\garmentstudioqt\garmentstudioqt_170918\garmentstudioqt\core\originalprogramcomponent\nurbs++\nurbslib\release\barray2d_char.obj
e:\garmentstudioqt\garmentstudioqt_170918\garmentstudioqt\core\originalprogramcomponent\nurbs++\nurbslib\release\refilter.obj
e:\garmentstudioqt\garmentstudioqt_170918\garmentstudioqt\core\originalprogramcomponent\nurbs++\nurbslib\release\rec_filter_.obj
e:\garmentstudioqt\garmentstudioqt_170918\garmentstudioqt\core\originalprogramcomponent\nurbs++\nurbslib\release\rec_filter.obj
e:\garmentstudioqt\garmentstudioqt_170918\garmentstudioqt\core\originalprogramcomponent\nurbs++\nurbslib\release\image.obj
e:\garmentstudioqt\garmentstudioqt_170918\garmentstudioqt\core\originalprogramcomponent\nurbs++\nurbslib\release\color.obj
e:\garmentstudioqt\garmentstudioqt_170918\garmentstudioqt\core\originalprogramcomponent\nurbs++\nurbslib\release\vector_float.obj
e:\garmentstudioqt\garmentstudioqt_170918\garmentstudioqt\core\originalprogramcomponent\nurbs++\nurbslib\release\vector_double.obj
e:\garmentstudioqt\garmentstudioqt_170918\garmentstudioqt\core\originalprogramcomponent\nurbs++\nurbslib\release\vector_complex.obj
e:\garmentstudioqt\garmentstudioqt_170918\garmentstudioqt\core\originalprogramcomponent\nurbs++\nurbslib\release\vector_char.obj
e:\garmentstudioqt\garmentstudioqt_170918\garmentstudioqt\core\originalprogramcomponent\nurbs++\nurbslib\release\matrix_uchar.obj
e:\garmentstudioqt\garmentstudioqt_170918\garmentstudioqt\core\originalprogramcomponent\nurbs++\nurbslib\release\matrix_point.obj
e:\garmentstudioqt\garmentstudioqt_170918\garmentstudioqt\core\originalprogramcomponent\nurbs++\nurbslib\release\matrix_int.obj
e:\garmentstudioqt\garmentstudioqt_170918\garmentstudioqt\core\originalprogramcomponent\nurbs++\nurbslib\release\matrix_hpoint.obj
e:\garmentstudioqt\garmentstudioqt_170918\garmentstudioqt\core\originalprogramcomponent\nurbs++\nurbslib\release\matrix_float.obj
e:\garmentstudioqt\garmentstudioqt_170918\garmentstudioqt\core\originalprogramcomponent\nurbs++\nurbslib\release\matrix_double.obj
e:\garmentstudioqt\garmentstudioqt_170918\garmentstudioqt\core\originalprogramcomponent\nurbs++\nurbslib\release\matrix_complex.obj
e:\garmentstudioqt\garmentstudioqt_170918\garmentstudioqt\core\originalprogramcomponent\nurbs++\nurbslib\release\matrix_char.obj
e:\garmentstudioqt\garmentstudioqt_170918\garmentstudioqt\core\originalprogramcomponent\nurbs++\nurbslib\release\matrixtool.obj
e:\garmentstudioqt\garmentstudioqt_170918\garmentstudioqt\core\originalprogramcomponent\nurbs++\nurbslib\release\error.obj
e:\garmentstudioqt\garmentstudioqt_170918\garmentstudioqt\core\originalprogramcomponent\nurbs++\nurbslib\release\cvector.obj
e:\garmentstudioqt\garmentstudioqt_170918\garmentstudioqt\core\originalprogramcomponent\nurbs++\nurbslib\release\coordinate.obj
e:\garmentstudioqt\garmentstudioqt_170918\garmentstudioqt\core\originalprogramcomponent\nurbs++\nurbslib\release\barray_void.obj
e:\garmentstudioqt\garmentstudioqt_170918\garmentstudioqt\core\originalprogramcomponent\nurbs++\nurbslib\release\barray_uchar.obj
e:\garmentstudioqt\garmentstudioqt_170918\garmentstudioqt\core\originalprogramcomponent\nurbs++\nurbslib\release\barray_point.obj
e:\garmentstudioqt\garmentstudioqt_170918\garmentstudioqt\core\originalprogramcomponent\nurbs++\nurbslib\release\barray_int.obj
e:\garmentstudioqt\garmentstudioqt_170918\garmentstudioqt\core\originalprogramcomponent\nurbs++\nurbslib\release\f_curve.obj
e:\garmentstudioqt\garmentstudioqt_170918\garmentstudioqt\core\originalprogramcomponent\nurbs++\nurbslib\release\d_tri_spline.obj
e:\garmentstudioqt\garmentstudioqt_170918\garmentstudioqt\core\originalprogramcomponent\nurbs++\nurbslib\release\d_surface.obj
e:\garmentstudioqt\garmentstudioqt_170918\garmentstudioqt\core\originalprogramcomponent\nurbs++\nurbslib\release\d_nurbs_sp.obj
e:\garmentstudioqt\garmentstudioqt_170918\garmentstudioqt\core\originalprogramcomponent\nurbs++\nurbslib\release\d_nurbss_sp.obj
e:\garmentstudioqt\garmentstudioqt_170918\garmentstudioqt\core\originalprogramcomponent\nurbs++\nurbslib\release\d_nurbssub.obj
e:\garmentstudioqt\garmentstudioqt_170918\garmentstudioqt\core\originalprogramcomponent\nurbs++\nurbslib\release\d_nurbss.obj
e:\garmentstudioqt\garmentstudioqt_170918\garmentstudioqt\core\originalprogramcomponent\nurbs++\nurbslib\release\d_nurbs.obj
e:\garmentstudioqt\garmentstudioqt_170918\garmentstudioqt\core\originalprogramcomponent\nurbs++\nurbslib\release\d_hnurbss_sp.obj
e:\garmentstudioqt\garmentstudioqt_170918\garmentstudioqt\core\originalprogramcomponent\nurbs++\nurbslib\release\d_hnurbss.obj
e:\garmentstudioqt\garmentstudioqt_170918\garmentstudioqt\core\originalprogramcomponent\nurbs++\nurbslib\release\d_curve.obj
e:\garmentstudioqt\garmentstudioqt_170918\garmentstudioqt\core\originalprogramcomponent\nurbs++\nurbslib\release\statistic_.obj
e:\garmentstudioqt\garmentstudioqt_170918\garmentstudioqt\core\originalprogramcomponent\nurbs++\nurbslib\release\matrixmat_.obj
e:\garmentstudioqt\garmentstudioqt_170918\garmentstudioqt\core\originalprogramcomponent\nurbs++\nurbslib\release\intccq.obj
e:\garmentstudioqt\garmentstudioqt_170918\garmentstudioqt\core\originalprogramcomponent\nurbs++\nurbslib\release\fft_.obj
e:\garmentstudioqt\garmentstudioqt_170918\garmentstudioqt\core\originalprogramcomponent\nurbs++\nurbslib\release\chebexp_.obj
e:\garmentstudioqt\garmentstudioqt_170918\garmentstudioqt\core\originalprogramcomponent\nurbs++\nurbslib\release\vector_uchar.obj
e:\garmentstudioqt\garmentstudioqt_170918\garmentstudioqt\core\originalprogramcomponent\nurbs++\nurbslib\release\vector_point.obj
e:\garmentstudioqt\garmentstudioqt_170918\garmentstudioqt\core\originalprogramcomponent\nurbs++\nurbslib\release\vector_int.obj
e:\garmentstudioqt\garmentstudioqt_170918\garmentstudioqt\core\originalprogramcomponent\nurbs++\nurbslib\release\vector_hpoint.obj
e:\garmentstudioqt\garmentstudioqt_170918\garmentstudioqt\core\originalprogramcomponent\nurbs++\nurbslib\release\tri_spline.obj
e:\garmentstudioqt\garmentstudioqt_170918\garmentstudioqt\core\originalprogramcomponent\nurbs++\nurbslib\release\nurbssubeps.obj
e:\garmentstudioqt\garmentstudioqt_170918\garmentstudioqt\core\originalprogramcomponent\nurbs++\nurbslib\release\nurbss.obj
e:\garmentstudioqt\garmentstudioqt_170918\garmentstudioqt\core\originalprogramcomponent\nurbs++\nurbslib\release\nurbsgl.obj
e:\garmentstudioqt\garmentstudioqt_170918\garmentstudioqt\core\originalprogramcomponent\nurbs++\nurbslib\release\f_tri_spline.obj
e:\garmentstudioqt\garmentstudioqt_170918\garmentstudioqt\core\originalprogramcomponent\nurbs++\nurbslib\release\f_surface.obj
e:\garmentstudioqt\garmentstudioqt_170918\garmentstudioqt\core\originalprogramcomponent\nurbs++\nurbslib\release\f_nurbs_sp.obj
e:\garmentstudioqt\garmentstudioqt_170918\garmentstudioqt\core\originalprogramcomponent\nurbs++\nurbslib\release\f_nurbss_sp.obj
e:\garmentstudioqt\garmentstudioqt_170918\garmentstudioqt\core\originalprogramcomponent\nurbs++\nurbslib\release\f_nurbssub.obj
e:\garmentstudioqt\garmentstudioqt_170918\garmentstudioqt\core\originalprogramcomponent\nurbs++\nurbslib\release\f_nurbss.obj
e:\garmentstudioqt\garmentstudioqt_170918\garmentstudioqt\core\originalprogramcomponent\nurbs++\nurbslib\release\f_nurbs.obj
e:\garmentstudioqt\garmentstudioqt_170918\garmentstudioqt\core\originalprogramcomponent\nurbs++\nurbslib\release\f_hnurbss_sp.obj
e:\garmentstudioqt\garmentstudioqt_170918\garmentstudioqt\core\originalprogramcomponent\nurbs++\nurbslib\release\f_hnurbss.obj
e:\garmentstudioqt\garmentstudioqt_170918\garmentstudioqt\release\nurbslib.lib
e:\garmentstudioqt\garmentstudioqt_170918\garmentstudioqt\core\originalprogramcomponent\nurbs++\nurbslib\release\nurbslib.vcxprojresolveassemblyreference.cache
e:\garmentstudioqt\garmentstudioqt_170918\garmentstudioqt\core\originalprogramcomponent\nurbs++\nurbslib\release\nurbslib.tlog\cl.command.1.tlog
e:\garmentstudioqt\garmentstudioqt_170918\garmentstudioqt\core\originalprogramcomponent\nurbs++\nurbslib\release\nurbslib.tlog\cl.read.1.tlog
e:\garmentstudioqt\garmentstudioqt_170918\garmentstudioqt\core\originalprogramcomponent\nurbs++\nurbslib\release\nurbslib.tlog\cl.write.1.tlog
e:\garmentstudioqt\garmentstudioqt_170918\garmentstudioqt\core\originalprogramcomponent\nurbs++\nurbslib\release\nurbslib.tlog\lib-link.read.1.tlog
e:\garmentstudioqt\garmentstudioqt_170918\garmentstudioqt\core\originalprogramcomponent\nurbs++\nurbslib\release\nurbslib.tlog\lib-link.write.1.tlog
e:\garmentstudioqt\garmentstudioqt_170918\garmentstudioqt\core\originalprogramcomponent\nurbs++\nurbslib\release\nurbslib.tlog\lib.command.1.tlog
