f:\newgarment\garmentstudioqt\core\originalprogramcomponent\nurbs++\nurbslib\x64\debug\nurbslib.pdb
f:\newgarment\garmentstudioqt\core\originalprogramcomponent\nurbs++\nurbslib\x64\debug\nurbslib.idb
f:\newgarment\garmentstudioqt\core\originalprogramcomponent\nurbs++\nurbslib\x64\debug\d_nurbss.obj
f:\newgarment\garmentstudioqt\core\originalprogramcomponent\nurbs++\nurbslib\x64\debug\d_nurbssub.obj
f:\newgarment\garmentstudioqt\core\originalprogramcomponent\nurbs++\nurbslib\x64\debug\d_nurbss_sp.obj
f:\newgarment\garmentstudioqt\core\originalprogramcomponent\nurbs++\nurbslib\x64\debug\d_nurbs_sp.obj
f:\newgarment\garmentstudioqt\core\originalprogramcomponent\nurbs++\nurbslib\x64\debug\d_surface.obj
f:\newgarment\garmentstudioqt\core\originalprogramcomponent\nurbs++\nurbslib\x64\debug\d_tri_spline.obj
f:\newgarment\garmentstudioqt\core\originalprogramcomponent\nurbs++\nurbslib\x64\debug\f_curve.obj
f:\newgarment\garmentstudioqt\core\originalprogramcomponent\nurbs++\nurbslib\x64\debug\f_hnurbss.obj
f:\newgarment\garmentstudioqt\core\originalprogramcomponent\nurbs++\nurbslib\x64\debug\f_hnurbss_sp.obj
f:\newgarment\garmentstudioqt\core\originalprogramcomponent\nurbs++\nurbslib\x64\debug\f_nurbs.obj
f:\newgarment\garmentstudioqt\core\originalprogramcomponent\nurbs++\nurbslib\x64\debug\f_nurbss.obj
f:\newgarment\garmentstudioqt\core\originalprogramcomponent\nurbs++\nurbslib\x64\debug\f_nurbssub.obj
f:\newgarment\garmentstudioqt\core\originalprogramcomponent\nurbs++\nurbslib\x64\debug\f_nurbss_sp.obj
f:\newgarment\garmentstudioqt\core\originalprogramcomponent\nurbs++\nurbslib\x64\debug\f_nurbs_sp.obj
f:\newgarment\garmentstudioqt\core\originalprogramcomponent\nurbs++\nurbslib\x64\debug\f_surface.obj
f:\newgarment\garmentstudioqt\core\originalprogramcomponent\nurbs++\nurbslib\x64\debug\f_tri_spline.obj
f:\newgarment\garmentstudioqt\core\originalprogramcomponent\nurbs++\nurbslib\x64\debug\nurbsgl.obj
f:\newgarment\garmentstudioqt\core\originalprogramcomponent\nurbs++\nurbslib\x64\debug\nurbss.obj
f:\newgarment\garmentstudioqt\core\originalprogramcomponent\nurbs++\nurbslib\x64\debug\nurbssubeps.obj
f:\newgarment\garmentstudioqt\core\originalprogramcomponent\nurbs++\nurbslib\x64\debug\tri_spline.obj
f:\newgarment\garmentstudioqt\core\originalprogramcomponent\nurbs++\nurbslib\x64\debug\matrix_int.obj
f:\newgarment\garmentstudioqt\core\originalprogramcomponent\nurbs++\nurbslib\x64\debug\matrix_point.obj
f:\newgarment\garmentstudioqt\core\originalprogramcomponent\nurbs++\nurbslib\x64\debug\matrix_uchar.obj
f:\newgarment\garmentstudioqt\core\originalprogramcomponent\nurbs++\nurbslib\x64\debug\vector_char.obj
f:\newgarment\garmentstudioqt\core\originalprogramcomponent\nurbs++\nurbslib\x64\debug\vector_complex.obj
f:\newgarment\garmentstudioqt\core\originalprogramcomponent\nurbs++\nurbslib\x64\debug\vector_double.obj
f:\newgarment\garmentstudioqt\core\originalprogramcomponent\nurbs++\nurbslib\x64\debug\vector_float.obj
f:\newgarment\garmentstudioqt\core\originalprogramcomponent\nurbs++\nurbslib\x64\debug\vector_hpoint.obj
f:\newgarment\garmentstudioqt\core\originalprogramcomponent\nurbs++\nurbslib\x64\debug\vector_int.obj
f:\newgarment\garmentstudioqt\core\originalprogramcomponent\nurbs++\nurbslib\x64\debug\vector_point.obj
f:\newgarment\garmentstudioqt\core\originalprogramcomponent\nurbs++\nurbslib\x64\debug\vector_uchar.obj
f:\newgarment\garmentstudioqt\core\originalprogramcomponent\nurbs++\nurbslib\x64\debug\chebexp_.obj
f:\newgarment\garmentstudioqt\core\originalprogramcomponent\nurbs++\nurbslib\x64\debug\fft_.obj
f:\newgarment\garmentstudioqt\core\originalprogramcomponent\nurbs++\nurbslib\x64\debug\intccq.obj
f:\newgarment\garmentstudioqt\core\originalprogramcomponent\nurbs++\nurbslib\x64\debug\matrixmat_.obj
f:\newgarment\garmentstudioqt\core\originalprogramcomponent\nurbs++\nurbslib\x64\debug\statistic_.obj
f:\newgarment\garmentstudioqt\core\originalprogramcomponent\nurbs++\nurbslib\x64\debug\d_curve.obj
f:\newgarment\garmentstudioqt\core\originalprogramcomponent\nurbs++\nurbslib\x64\debug\d_hnurbss.obj
f:\newgarment\garmentstudioqt\core\originalprogramcomponent\nurbs++\nurbslib\x64\debug\d_hnurbss_sp.obj
f:\newgarment\garmentstudioqt\core\originalprogramcomponent\nurbs++\nurbslib\x64\debug\d_nurbs.obj
f:\newgarment\garmentstudioqt\core\originalprogramcomponent\nurbs++\nurbslib\x64\debug\barray2d_uchar.obj
f:\newgarment\garmentstudioqt\core\originalprogramcomponent\nurbs++\nurbslib\x64\debug\barray_char.obj
f:\newgarment\garmentstudioqt\core\originalprogramcomponent\nurbs++\nurbslib\x64\debug\barray_complex.obj
f:\newgarment\garmentstudioqt\core\originalprogramcomponent\nurbs++\nurbslib\x64\debug\barray_coordinate.obj
f:\newgarment\garmentstudioqt\core\originalprogramcomponent\nurbs++\nurbslib\x64\debug\barray_double.obj
f:\newgarment\garmentstudioqt\core\originalprogramcomponent\nurbs++\nurbslib\x64\debug\barray_float.obj
f:\newgarment\garmentstudioqt\core\originalprogramcomponent\nurbs++\nurbslib\x64\debug\barray_hpoint.obj
f:\newgarment\garmentstudioqt\core\originalprogramcomponent\nurbs++\nurbslib\x64\debug\barray_int.obj
f:\newgarment\garmentstudioqt\core\originalprogramcomponent\nurbs++\nurbslib\x64\debug\barray_point.obj
f:\newgarment\garmentstudioqt\core\originalprogramcomponent\nurbs++\nurbslib\x64\debug\barray_uchar.obj
f:\newgarment\garmentstudioqt\core\originalprogramcomponent\nurbs++\nurbslib\x64\debug\barray_void.obj
f:\newgarment\garmentstudioqt\core\originalprogramcomponent\nurbs++\nurbslib\x64\debug\coordinate.obj
f:\newgarment\garmentstudioqt\core\originalprogramcomponent\nurbs++\nurbslib\x64\debug\cvector.obj
f:\newgarment\garmentstudioqt\core\originalprogramcomponent\nurbs++\nurbslib\x64\debug\error.obj
f:\newgarment\garmentstudioqt\core\originalprogramcomponent\nurbs++\nurbslib\x64\debug\matrixtool.obj
f:\newgarment\garmentstudioqt\core\originalprogramcomponent\nurbs++\nurbslib\x64\debug\matrix_char.obj
f:\newgarment\garmentstudioqt\core\originalprogramcomponent\nurbs++\nurbslib\x64\debug\matrix_complex.obj
f:\newgarment\garmentstudioqt\core\originalprogramcomponent\nurbs++\nurbslib\x64\debug\matrix_double.obj
f:\newgarment\garmentstudioqt\core\originalprogramcomponent\nurbs++\nurbslib\x64\debug\matrix_float.obj
f:\newgarment\garmentstudioqt\core\originalprogramcomponent\nurbs++\nurbslib\x64\debug\matrix_hpoint.obj
f:\newgarment\garmentstudioqt\core\originalprogramcomponent\nurbs++\nurbslib\x64\debug\color.obj
f:\newgarment\garmentstudioqt\core\originalprogramcomponent\nurbs++\nurbslib\x64\debug\image.obj
f:\newgarment\garmentstudioqt\core\originalprogramcomponent\nurbs++\nurbslib\x64\debug\rec_filter.obj
f:\newgarment\garmentstudioqt\core\originalprogramcomponent\nurbs++\nurbslib\x64\debug\rec_filter_.obj
f:\newgarment\garmentstudioqt\core\originalprogramcomponent\nurbs++\nurbslib\x64\debug\refilter.obj
f:\newgarment\garmentstudioqt\core\originalprogramcomponent\nurbs++\nurbslib\x64\debug\barray2d_char.obj
f:\newgarment\garmentstudioqt\core\originalprogramcomponent\nurbs++\nurbslib\x64\debug\barray2d_complex.obj
f:\newgarment\garmentstudioqt\core\originalprogramcomponent\nurbs++\nurbslib\x64\debug\barray2d_coordinate.obj
f:\newgarment\garmentstudioqt\core\originalprogramcomponent\nurbs++\nurbslib\x64\debug\barray2d_double.obj
f:\newgarment\garmentstudioqt\core\originalprogramcomponent\nurbs++\nurbslib\x64\debug\barray2d_float.obj
f:\newgarment\garmentstudioqt\core\originalprogramcomponent\nurbs++\nurbslib\x64\debug\barray2d_hpoint.obj
f:\newgarment\garmentstudioqt\core\originalprogramcomponent\nurbs++\nurbslib\x64\debug\barray2d_int.obj
f:\newgarment\garmentstudioqt\core\originalprogramcomponent\nurbs++\nurbslib\x64\debug\barray2d_point.obj
f:\newgarment\garmentstudioqt\x64\debug\nurbslib.lib
f:\newgarment\garmentstudioqt\core\originalprogramcomponent\nurbs++\nurbslib\x64\debug\nurbslib.vcxprojresolveassemblyreference.cache
f:\newgarment\garmentstudioqt\x64\debug\nurbslib.pdb
f:\newgarment\garmentstudioqt\core\originalprogramcomponent\nurbs++\nurbslib\x64\debug\nurbslib.tlog\cl.command.1.tlog
f:\newgarment\garmentstudioqt\core\originalprogramcomponent\nurbs++\nurbslib\x64\debug\nurbslib.tlog\cl.read.1.tlog
f:\newgarment\garmentstudioqt\core\originalprogramcomponent\nurbs++\nurbslib\x64\debug\nurbslib.tlog\cl.write.1.tlog
f:\newgarment\garmentstudioqt\core\originalprogramcomponent\nurbs++\nurbslib\x64\debug\nurbslib.tlog\lib-link.read.1.tlog
f:\newgarment\garmentstudioqt\core\originalprogramcomponent\nurbs++\nurbslib\x64\debug\nurbslib.tlog\lib-link.write.1.tlog
f:\newgarment\garmentstudioqt\core\originalprogramcomponent\nurbs++\nurbslib\x64\debug\nurbslib.tlog\lib.command.1.tlog
