f:\newgarment\garmentstudioqt\core\originalprogramcomponent\nurbs++\nurbslib\x64\release\nurbslib.pdb
f:\newgarment\garmentstudioqt\core\originalprogramcomponent\nurbs++\nurbslib\x64\release\barray_hpoint.obj
f:\newgarment\garmentstudioqt\core\originalprogramcomponent\nurbs++\nurbslib\x64\release\barray_float.obj
f:\newgarment\garmentstudioqt\core\originalprogramcomponent\nurbs++\nurbslib\x64\release\barray_double.obj
f:\newgarment\garmentstudioqt\core\originalprogramcomponent\nurbs++\nurbslib\x64\release\barray_coordinate.obj
f:\newgarment\garmentstudioqt\core\originalprogramcomponent\nurbs++\nurbslib\x64\release\barray_complex.obj
f:\newgarment\garmentstudioqt\core\originalprogramcomponent\nurbs++\nurbslib\x64\release\barray_char.obj
f:\newgarment\garmentstudioqt\core\originalprogramcomponent\nurbs++\nurbslib\x64\release\barray2d_uchar.obj
f:\newgarment\garmentstudioqt\core\originalprogramcomponent\nurbs++\nurbslib\x64\release\barray2d_point.obj
f:\newgarment\garmentstudioqt\core\originalprogramcomponent\nurbs++\nurbslib\x64\release\barray2d_int.obj
f:\newgarment\garmentstudioqt\core\originalprogramcomponent\nurbs++\nurbslib\x64\release\barray2d_hpoint.obj
f:\newgarment\garmentstudioqt\core\originalprogramcomponent\nurbs++\nurbslib\x64\release\barray2d_float.obj
f:\newgarment\garmentstudioqt\core\originalprogramcomponent\nurbs++\nurbslib\x64\release\barray2d_double.obj
f:\newgarment\garmentstudioqt\core\originalprogramcomponent\nurbs++\nurbslib\x64\release\barray2d_coordinate.obj
f:\newgarment\garmentstudioqt\core\originalprogramcomponent\nurbs++\nurbslib\x64\release\barray2d_complex.obj
f:\newgarment\garmentstudioqt\core\originalprogramcomponent\nurbs++\nurbslib\x64\release\barray2d_char.obj
f:\newgarment\garmentstudioqt\core\originalprogramcomponent\nurbs++\nurbslib\x64\release\refilter.obj
f:\newgarment\garmentstudioqt\core\originalprogramcomponent\nurbs++\nurbslib\x64\release\rec_filter_.obj
f:\newgarment\garmentstudioqt\core\originalprogramcomponent\nurbs++\nurbslib\x64\release\rec_filter.obj
f:\newgarment\garmentstudioqt\core\originalprogramcomponent\nurbs++\nurbslib\x64\release\image.obj
f:\newgarment\garmentstudioqt\core\originalprogramcomponent\nurbs++\nurbslib\x64\release\color.obj
f:\newgarment\garmentstudioqt\core\originalprogramcomponent\nurbs++\nurbslib\x64\release\vector_float.obj
f:\newgarment\garmentstudioqt\core\originalprogramcomponent\nurbs++\nurbslib\x64\release\vector_double.obj
f:\newgarment\garmentstudioqt\core\originalprogramcomponent\nurbs++\nurbslib\x64\release\vector_complex.obj
f:\newgarment\garmentstudioqt\core\originalprogramcomponent\nurbs++\nurbslib\x64\release\vector_char.obj
f:\newgarment\garmentstudioqt\core\originalprogramcomponent\nurbs++\nurbslib\x64\release\matrix_uchar.obj
f:\newgarment\garmentstudioqt\core\originalprogramcomponent\nurbs++\nurbslib\x64\release\matrix_point.obj
f:\newgarment\garmentstudioqt\core\originalprogramcomponent\nurbs++\nurbslib\x64\release\matrix_int.obj
f:\newgarment\garmentstudioqt\core\originalprogramcomponent\nurbs++\nurbslib\x64\release\matrix_hpoint.obj
f:\newgarment\garmentstudioqt\core\originalprogramcomponent\nurbs++\nurbslib\x64\release\matrix_float.obj
f:\newgarment\garmentstudioqt\core\originalprogramcomponent\nurbs++\nurbslib\x64\release\matrix_double.obj
f:\newgarment\garmentstudioqt\core\originalprogramcomponent\nurbs++\nurbslib\x64\release\matrix_complex.obj
f:\newgarment\garmentstudioqt\core\originalprogramcomponent\nurbs++\nurbslib\x64\release\matrix_char.obj
f:\newgarment\garmentstudioqt\core\originalprogramcomponent\nurbs++\nurbslib\x64\release\matrixtool.obj
f:\newgarment\garmentstudioqt\core\originalprogramcomponent\nurbs++\nurbslib\x64\release\error.obj
f:\newgarment\garmentstudioqt\core\originalprogramcomponent\nurbs++\nurbslib\x64\release\cvector.obj
f:\newgarment\garmentstudioqt\core\originalprogramcomponent\nurbs++\nurbslib\x64\release\coordinate.obj
f:\newgarment\garmentstudioqt\core\originalprogramcomponent\nurbs++\nurbslib\x64\release\barray_void.obj
f:\newgarment\garmentstudioqt\core\originalprogramcomponent\nurbs++\nurbslib\x64\release\barray_uchar.obj
f:\newgarment\garmentstudioqt\core\originalprogramcomponent\nurbs++\nurbslib\x64\release\barray_point.obj
f:\newgarment\garmentstudioqt\core\originalprogramcomponent\nurbs++\nurbslib\x64\release\barray_int.obj
f:\newgarment\garmentstudioqt\core\originalprogramcomponent\nurbs++\nurbslib\x64\release\f_curve.obj
f:\newgarment\garmentstudioqt\core\originalprogramcomponent\nurbs++\nurbslib\x64\release\d_tri_spline.obj
f:\newgarment\garmentstudioqt\core\originalprogramcomponent\nurbs++\nurbslib\x64\release\d_surface.obj
f:\newgarment\garmentstudioqt\core\originalprogramcomponent\nurbs++\nurbslib\x64\release\d_nurbs_sp.obj
f:\newgarment\garmentstudioqt\core\originalprogramcomponent\nurbs++\nurbslib\x64\release\d_nurbss_sp.obj
f:\newgarment\garmentstudioqt\core\originalprogramcomponent\nurbs++\nurbslib\x64\release\d_nurbssub.obj
f:\newgarment\garmentstudioqt\core\originalprogramcomponent\nurbs++\nurbslib\x64\release\d_nurbss.obj
f:\newgarment\garmentstudioqt\core\originalprogramcomponent\nurbs++\nurbslib\x64\release\d_nurbs.obj
f:\newgarment\garmentstudioqt\core\originalprogramcomponent\nurbs++\nurbslib\x64\release\d_hnurbss_sp.obj
f:\newgarment\garmentstudioqt\core\originalprogramcomponent\nurbs++\nurbslib\x64\release\d_hnurbss.obj
f:\newgarment\garmentstudioqt\core\originalprogramcomponent\nurbs++\nurbslib\x64\release\d_curve.obj
f:\newgarment\garmentstudioqt\core\originalprogramcomponent\nurbs++\nurbslib\x64\release\statistic_.obj
f:\newgarment\garmentstudioqt\core\originalprogramcomponent\nurbs++\nurbslib\x64\release\matrixmat_.obj
f:\newgarment\garmentstudioqt\core\originalprogramcomponent\nurbs++\nurbslib\x64\release\intccq.obj
f:\newgarment\garmentstudioqt\core\originalprogramcomponent\nurbs++\nurbslib\x64\release\fft_.obj
f:\newgarment\garmentstudioqt\core\originalprogramcomponent\nurbs++\nurbslib\x64\release\chebexp_.obj
f:\newgarment\garmentstudioqt\core\originalprogramcomponent\nurbs++\nurbslib\x64\release\vector_uchar.obj
f:\newgarment\garmentstudioqt\core\originalprogramcomponent\nurbs++\nurbslib\x64\release\vector_point.obj
f:\newgarment\garmentstudioqt\core\originalprogramcomponent\nurbs++\nurbslib\x64\release\vector_int.obj
f:\newgarment\garmentstudioqt\core\originalprogramcomponent\nurbs++\nurbslib\x64\release\vector_hpoint.obj
f:\newgarment\garmentstudioqt\core\originalprogramcomponent\nurbs++\nurbslib\x64\release\tri_spline.obj
f:\newgarment\garmentstudioqt\core\originalprogramcomponent\nurbs++\nurbslib\x64\release\nurbssubeps.obj
f:\newgarment\garmentstudioqt\core\originalprogramcomponent\nurbs++\nurbslib\x64\release\nurbss.obj
f:\newgarment\garmentstudioqt\core\originalprogramcomponent\nurbs++\nurbslib\x64\release\nurbsgl.obj
f:\newgarment\garmentstudioqt\core\originalprogramcomponent\nurbs++\nurbslib\x64\release\f_tri_spline.obj
f:\newgarment\garmentstudioqt\core\originalprogramcomponent\nurbs++\nurbslib\x64\release\f_surface.obj
f:\newgarment\garmentstudioqt\core\originalprogramcomponent\nurbs++\nurbslib\x64\release\f_nurbs_sp.obj
f:\newgarment\garmentstudioqt\core\originalprogramcomponent\nurbs++\nurbslib\x64\release\f_nurbss_sp.obj
f:\newgarment\garmentstudioqt\core\originalprogramcomponent\nurbs++\nurbslib\x64\release\f_nurbssub.obj
f:\newgarment\garmentstudioqt\core\originalprogramcomponent\nurbs++\nurbslib\x64\release\f_nurbss.obj
f:\newgarment\garmentstudioqt\core\originalprogramcomponent\nurbs++\nurbslib\x64\release\f_nurbs.obj
f:\newgarment\garmentstudioqt\core\originalprogramcomponent\nurbs++\nurbslib\x64\release\f_hnurbss_sp.obj
f:\newgarment\garmentstudioqt\core\originalprogramcomponent\nurbs++\nurbslib\x64\release\f_hnurbss.obj
f:\newgarment\garmentstudioqt\x64\release\nurbslib.lib
f:\newgarment\garmentstudioqt\core\originalprogramcomponent\nurbs++\nurbslib\x64\release\nurbslib.vcxprojresolveassemblyreference.cache
f:\newgarment\garmentstudioqt\core\originalprogramcomponent\nurbs++\nurbslib\x64\release\nurbslib.tlog\cl.command.1.tlog
f:\newgarment\garmentstudioqt\core\originalprogramcomponent\nurbs++\nurbslib\x64\release\nurbslib.tlog\cl.read.1.tlog
f:\newgarment\garmentstudioqt\core\originalprogramcomponent\nurbs++\nurbslib\x64\release\nurbslib.tlog\cl.write.1.tlog
f:\newgarment\garmentstudioqt\core\originalprogramcomponent\nurbs++\nurbslib\x64\release\nurbslib.tlog\lib-link.read.1.tlog
f:\newgarment\garmentstudioqt\core\originalprogramcomponent\nurbs++\nurbslib\x64\release\nurbslib.tlog\lib-link.write.1.tlog
f:\newgarment\garmentstudioqt\core\originalprogramcomponent\nurbs++\nurbslib\x64\release\nurbslib.tlog\lib.command.1.tlog
