e:\garmentstudioqt\garmentstudioqt_170918\garmentstudioqt\core\originalprogramcomponent\nurbs++\nurbslib\debug\nurbslib.pdb
e:\garmentstudioqt\garmentstudioqt_170918\garmentstudioqt\core\originalprogramcomponent\nurbs++\nurbslib\debug\nurbslib.idb
e:\garmentstudioqt\garmentstudioqt_170918\garmentstudioqt\core\originalprogramcomponent\nurbs++\nurbslib\debug\d_nurbss.obj
e:\garmentstudioqt\garmentstudioqt_170918\garmentstudioqt\core\originalprogramcomponent\nurbs++\nurbslib\debug\d_nurbssub.obj
e:\garmentstudioqt\garmentstudioqt_170918\garmentstudioqt\core\originalprogramcomponent\nurbs++\nurbslib\debug\d_nurbss_sp.obj
e:\garmentstudioqt\garmentstudioqt_170918\garmentstudioqt\core\originalprogramcomponent\nurbs++\nurbslib\debug\d_nurbs_sp.obj
e:\garmentstudioqt\garmentstudioqt_170918\garmentstudioqt\core\originalprogramcomponent\nurbs++\nurbslib\debug\d_surface.obj
e:\garmentstudioqt\garmentstudioqt_170918\garmentstudioqt\core\originalprogramcomponent\nurbs++\nurbslib\debug\d_tri_spline.obj
e:\garmentstudioqt\garmentstudioqt_170918\garmentstudioqt\core\originalprogramcomponent\nurbs++\nurbslib\debug\f_curve.obj
e:\garmentstudioqt\garmentstudioqt_170918\garmentstudioqt\core\originalprogramcomponent\nurbs++\nurbslib\debug\f_hnurbss.obj
e:\garmentstudioqt\garmentstudioqt_170918\garmentstudioqt\core\originalprogramcomponent\nurbs++\nurbslib\debug\f_hnurbss_sp.obj
e:\garmentstudioqt\garmentstudioqt_170918\garmentstudioqt\core\originalprogramcomponent\nurbs++\nurbslib\debug\f_nurbs.obj
e:\garmentstudioqt\garmentstudioqt_170918\garmentstudioqt\core\originalprogramcomponent\nurbs++\nurbslib\debug\f_nurbss.obj
e:\garmentstudioqt\garmentstudioqt_170918\garmentstudioqt\core\originalprogramcomponent\nurbs++\nurbslib\debug\f_nurbssub.obj
e:\garmentstudioqt\garmentstudioqt_170918\garmentstudioqt\core\originalprogramcomponent\nurbs++\nurbslib\debug\f_nurbss_sp.obj
e:\garmentstudioqt\garmentstudioqt_170918\garmentstudioqt\core\originalprogramcomponent\nurbs++\nurbslib\debug\f_nurbs_sp.obj
e:\garmentstudioqt\garmentstudioqt_170918\garmentstudioqt\core\originalprogramcomponent\nurbs++\nurbslib\debug\f_surface.obj
e:\garmentstudioqt\garmentstudioqt_170918\garmentstudioqt\core\originalprogramcomponent\nurbs++\nurbslib\debug\f_tri_spline.obj
e:\garmentstudioqt\garmentstudioqt_170918\garmentstudioqt\core\originalprogramcomponent\nurbs++\nurbslib\debug\nurbsgl.obj
e:\garmentstudioqt\garmentstudioqt_170918\garmentstudioqt\core\originalprogramcomponent\nurbs++\nurbslib\debug\nurbss.obj
e:\garmentstudioqt\garmentstudioqt_170918\garmentstudioqt\core\originalprogramcomponent\nurbs++\nurbslib\debug\nurbssubeps.obj
e:\garmentstudioqt\garmentstudioqt_170918\garmentstudioqt\core\originalprogramcomponent\nurbs++\nurbslib\debug\tri_spline.obj
e:\garmentstudioqt\garmentstudioqt_170918\garmentstudioqt\core\originalprogramcomponent\nurbs++\nurbslib\debug\matrix_int.obj
e:\garmentstudioqt\garmentstudioqt_170918\garmentstudioqt\core\originalprogramcomponent\nurbs++\nurbslib\debug\matrix_point.obj
e:\garmentstudioqt\garmentstudioqt_170918\garmentstudioqt\core\originalprogramcomponent\nurbs++\nurbslib\debug\matrix_uchar.obj
e:\garmentstudioqt\garmentstudioqt_170918\garmentstudioqt\core\originalprogramcomponent\nurbs++\nurbslib\debug\vector_char.obj
e:\garmentstudioqt\garmentstudioqt_170918\garmentstudioqt\core\originalprogramcomponent\nurbs++\nurbslib\debug\vector_complex.obj
e:\garmentstudioqt\garmentstudioqt_170918\garmentstudioqt\core\originalprogramcomponent\nurbs++\nurbslib\debug\vector_double.obj
e:\garmentstudioqt\garmentstudioqt_170918\garmentstudioqt\core\originalprogramcomponent\nurbs++\nurbslib\debug\vector_float.obj
e:\garmentstudioqt\garmentstudioqt_170918\garmentstudioqt\core\originalprogramcomponent\nurbs++\nurbslib\debug\vector_hpoint.obj
e:\garmentstudioqt\garmentstudioqt_170918\garmentstudioqt\core\originalprogramcomponent\nurbs++\nurbslib\debug\vector_int.obj
e:\garmentstudioqt\garmentstudioqt_170918\garmentstudioqt\core\originalprogramcomponent\nurbs++\nurbslib\debug\vector_point.obj
e:\garmentstudioqt\garmentstudioqt_170918\garmentstudioqt\core\originalprogramcomponent\nurbs++\nurbslib\debug\vector_uchar.obj
e:\garmentstudioqt\garmentstudioqt_170918\garmentstudioqt\core\originalprogramcomponent\nurbs++\nurbslib\debug\chebexp_.obj
e:\garmentstudioqt\garmentstudioqt_170918\garmentstudioqt\core\originalprogramcomponent\nurbs++\nurbslib\debug\fft_.obj
e:\garmentstudioqt\garmentstudioqt_170918\garmentstudioqt\core\originalprogramcomponent\nurbs++\nurbslib\debug\intccq.obj
e:\garmentstudioqt\garmentstudioqt_170918\garmentstudioqt\core\originalprogramcomponent\nurbs++\nurbslib\debug\matrixmat_.obj
e:\garmentstudioqt\garmentstudioqt_170918\garmentstudioqt\core\originalprogramcomponent\nurbs++\nurbslib\debug\statistic_.obj
e:\garmentstudioqt\garmentstudioqt_170918\garmentstudioqt\core\originalprogramcomponent\nurbs++\nurbslib\debug\d_curve.obj
e:\garmentstudioqt\garmentstudioqt_170918\garmentstudioqt\core\originalprogramcomponent\nurbs++\nurbslib\debug\d_hnurbss.obj
e:\garmentstudioqt\garmentstudioqt_170918\garmentstudioqt\core\originalprogramcomponent\nurbs++\nurbslib\debug\d_hnurbss_sp.obj
e:\garmentstudioqt\garmentstudioqt_170918\garmentstudioqt\core\originalprogramcomponent\nurbs++\nurbslib\debug\d_nurbs.obj
e:\garmentstudioqt\garmentstudioqt_170918\garmentstudioqt\core\originalprogramcomponent\nurbs++\nurbslib\debug\barray2d_uchar.obj
e:\garmentstudioqt\garmentstudioqt_170918\garmentstudioqt\core\originalprogramcomponent\nurbs++\nurbslib\debug\barray_char.obj
e:\garmentstudioqt\garmentstudioqt_170918\garmentstudioqt\core\originalprogramcomponent\nurbs++\nurbslib\debug\barray_complex.obj
e:\garmentstudioqt\garmentstudioqt_170918\garmentstudioqt\core\originalprogramcomponent\nurbs++\nurbslib\debug\barray_coordinate.obj
e:\garmentstudioqt\garmentstudioqt_170918\garmentstudioqt\core\originalprogramcomponent\nurbs++\nurbslib\debug\barray_double.obj
e:\garmentstudioqt\garmentstudioqt_170918\garmentstudioqt\core\originalprogramcomponent\nurbs++\nurbslib\debug\barray_float.obj
e:\garmentstudioqt\garmentstudioqt_170918\garmentstudioqt\core\originalprogramcomponent\nurbs++\nurbslib\debug\barray_hpoint.obj
e:\garmentstudioqt\garmentstudioqt_170918\garmentstudioqt\core\originalprogramcomponent\nurbs++\nurbslib\debug\barray_int.obj
e:\garmentstudioqt\garmentstudioqt_170918\garmentstudioqt\core\originalprogramcomponent\nurbs++\nurbslib\debug\barray_point.obj
e:\garmentstudioqt\garmentstudioqt_170918\garmentstudioqt\core\originalprogramcomponent\nurbs++\nurbslib\debug\barray_uchar.obj
e:\garmentstudioqt\garmentstudioqt_170918\garmentstudioqt\core\originalprogramcomponent\nurbs++\nurbslib\debug\barray_void.obj
e:\garmentstudioqt\garmentstudioqt_170918\garmentstudioqt\core\originalprogramcomponent\nurbs++\nurbslib\debug\coordinate.obj
e:\garmentstudioqt\garmentstudioqt_170918\garmentstudioqt\core\originalprogramcomponent\nurbs++\nurbslib\debug\cvector.obj
e:\garmentstudioqt\garmentstudioqt_170918\garmentstudioqt\core\originalprogramcomponent\nurbs++\nurbslib\debug\error.obj
e:\garmentstudioqt\garmentstudioqt_170918\garmentstudioqt\core\originalprogramcomponent\nurbs++\nurbslib\debug\matrixtool.obj
e:\garmentstudioqt\garmentstudioqt_170918\garmentstudioqt\core\originalprogramcomponent\nurbs++\nurbslib\debug\matrix_char.obj
e:\garmentstudioqt\garmentstudioqt_170918\garmentstudioqt\core\originalprogramcomponent\nurbs++\nurbslib\debug\matrix_complex.obj
e:\garmentstudioqt\garmentstudioqt_170918\garmentstudioqt\core\originalprogramcomponent\nurbs++\nurbslib\debug\matrix_double.obj
e:\garmentstudioqt\garmentstudioqt_170918\garmentstudioqt\core\originalprogramcomponent\nurbs++\nurbslib\debug\matrix_float.obj
e:\garmentstudioqt\garmentstudioqt_170918\garmentstudioqt\core\originalprogramcomponent\nurbs++\nurbslib\debug\matrix_hpoint.obj
e:\garmentstudioqt\garmentstudioqt_170918\garmentstudioqt\core\originalprogramcomponent\nurbs++\nurbslib\debug\color.obj
e:\garmentstudioqt\garmentstudioqt_170918\garmentstudioqt\core\originalprogramcomponent\nurbs++\nurbslib\debug\image.obj
e:\garmentstudioqt\garmentstudioqt_170918\garmentstudioqt\core\originalprogramcomponent\nurbs++\nurbslib\debug\rec_filter.obj
e:\garmentstudioqt\garmentstudioqt_170918\garmentstudioqt\core\originalprogramcomponent\nurbs++\nurbslib\debug\rec_filter_.obj
e:\garmentstudioqt\garmentstudioqt_170918\garmentstudioqt\core\originalprogramcomponent\nurbs++\nurbslib\debug\refilter.obj
e:\garmentstudioqt\garmentstudioqt_170918\garmentstudioqt\core\originalprogramcomponent\nurbs++\nurbslib\debug\barray2d_char.obj
e:\garmentstudioqt\garmentstudioqt_170918\garmentstudioqt\core\originalprogramcomponent\nurbs++\nurbslib\debug\barray2d_complex.obj
e:\garmentstudioqt\garmentstudioqt_170918\garmentstudioqt\core\originalprogramcomponent\nurbs++\nurbslib\debug\barray2d_coordinate.obj
e:\garmentstudioqt\garmentstudioqt_170918\garmentstudioqt\core\originalprogramcomponent\nurbs++\nurbslib\debug\barray2d_double.obj
e:\garmentstudioqt\garmentstudioqt_170918\garmentstudioqt\core\originalprogramcomponent\nurbs++\nurbslib\debug\barray2d_float.obj
e:\garmentstudioqt\garmentstudioqt_170918\garmentstudioqt\core\originalprogramcomponent\nurbs++\nurbslib\debug\barray2d_hpoint.obj
e:\garmentstudioqt\garmentstudioqt_170918\garmentstudioqt\core\originalprogramcomponent\nurbs++\nurbslib\debug\barray2d_int.obj
e:\garmentstudioqt\garmentstudioqt_170918\garmentstudioqt\core\originalprogramcomponent\nurbs++\nurbslib\debug\barray2d_point.obj
e:\garmentstudioqt\garmentstudioqt_170918\garmentstudioqt\debug\nurbslib.lib
e:\garmentstudioqt\garmentstudioqt_170918\garmentstudioqt\core\originalprogramcomponent\nurbs++\nurbslib\debug\nurbslib.vcxprojresolveassemblyreference.cache
e:\garmentstudioqt\garmentstudioqt_170918\garmentstudioqt\debug\nurbslib.pdb
e:\garmentstudioqt\garmentstudioqt_170918\garmentstudioqt\core\originalprogramcomponent\nurbs++\nurbslib\debug\nurbslib.tlog\cl.command.1.tlog
e:\garmentstudioqt\garmentstudioqt_170918\garmentstudioqt\core\originalprogramcomponent\nurbs++\nurbslib\debug\nurbslib.tlog\cl.read.1.tlog
e:\garmentstudioqt\garmentstudioqt_170918\garmentstudioqt\core\originalprogramcomponent\nurbs++\nurbslib\debug\nurbslib.tlog\cl.write.1.tlog
e:\garmentstudioqt\garmentstudioqt_170918\garmentstudioqt\core\originalprogramcomponent\nurbs++\nurbslib\debug\nurbslib.tlog\lib-link.read.1.tlog
e:\garmentstudioqt\garmentstudioqt_170918\garmentstudioqt\core\originalprogramcomponent\nurbs++\nurbslib\debug\nurbslib.tlog\lib-link.write.1.tlog
e:\garmentstudioqt\garmentstudioqt_170918\garmentstudioqt\core\originalprogramcomponent\nurbs++\nurbslib\debug\nurbslib.tlog\lib.command.1.tlog
