  moc QtWidgetsApplication1.h
  Draw_Manager.cpp
  MyGraphicsScene.cpp
  MyGraphicsView.cpp
  QtWidgetsApplication1.cpp
  class template optional is only available with C++17 or later.
  class template optional is only available with C++17 or later.
  class template optional is only available with C++17 or later.
  class template optional is only available with C++17 or later.
  main.cpp
  class template optional is only available with C++17 or later.
  qrc_QtWidgetsApplication1.cpp
  moc_MyGraphicsScene.cpp
  moc_MyGraphicsView.cpp
  moc_QtWidgetsApplication1.cpp
  class template optional is only available with C++17 or later.
  class template optional is only available with C++17 or later.
  class template optional is only available with C++17 or later.
moc_MyGraphicsScene.obj : error LNK2001: 无法解析的外部符号 "void __cdecl PLib::initBasic2DArray<struct PLib::HPoint_nD<float,3> >(class PLib::Basic2DArray<struct PLib::HPoint_nD<float,3> > &,int,int)" (??$initBasic2DArray@U?$HPoint_nD@M$02@PLib@@@PLib@@YAXAEAV?$Basic2DArray@U?$HPoint_nD@M$02@PLib@@@0@HH@Z)
moc_MyGraphicsView.obj : error LNK2001: 无法解析的外部符号 "void __cdecl PLib::initBasic2DArray<struct PLib::HPoint_nD<float,3> >(class PLib::Basic2DArray<struct PLib::HPoint_nD<float,3> > &,int,int)" (??$initBasic2DArray@U?$HPoint_nD@M$02@PLib@@@PLib@@YAXAEAV?$Basic2DArray@U?$HPoint_nD@M$02@PLib@@@0@HH@Z)
moc_QtWidgetsApplication1.obj : error LNK2001: 无法解析的外部符号 "void __cdecl PLib::initBasic2DArray<struct PLib::HPoint_nD<float,3> >(class PLib::Basic2DArray<struct PLib::HPoint_nD<float,3> > &,int,int)" (??$initBasic2DArray@U?$HPoint_nD@M$02@PLib@@@PLib@@YAXAEAV?$Basic2DArray@U?$HPoint_nD@M$02@PLib@@@0@HH@Z)
MyGraphicsScene.obj : error LNK2001: 无法解析的外部符号 "void __cdecl PLib::initBasic2DArray<struct PLib::HPoint_nD<float,3> >(class PLib::Basic2DArray<struct PLib::HPoint_nD<float,3> > &,int,int)" (??$initBasic2DArray@U?$HPoint_nD@M$02@PLib@@@PLib@@YAXAEAV?$Basic2DArray@U?$HPoint_nD@M$02@PLib@@@0@HH@Z)
MyGraphicsView.obj : error LNK2001: 无法解析的外部符号 "void __cdecl PLib::initBasic2DArray<struct PLib::HPoint_nD<float,3> >(class PLib::Basic2DArray<struct PLib::HPoint_nD<float,3> > &,int,int)" (??$initBasic2DArray@U?$HPoint_nD@M$02@PLib@@@PLib@@YAXAEAV?$Basic2DArray@U?$HPoint_nD@M$02@PLib@@@0@HH@Z)
QtWidgetsApplication1.obj : error LNK2001: 无法解析的外部符号 "void __cdecl PLib::initBasic2DArray<struct PLib::HPoint_nD<float,3> >(class PLib::Basic2DArray<struct PLib::HPoint_nD<float,3> > &,int,int)" (??$initBasic2DArray@U?$HPoint_nD@M$02@PLib@@@PLib@@YAXAEAV?$Basic2DArray@U?$HPoint_nD@M$02@PLib@@@0@HH@Z)
main.obj : error LNK2001: 无法解析的外部符号 "void __cdecl PLib::initBasic2DArray<struct PLib::HPoint_nD<float,3> >(class PLib::Basic2DArray<struct PLib::HPoint_nD<float,3> > &,int,int)" (??$initBasic2DArray@U?$HPoint_nD@M$02@PLib@@@PLib@@YAXAEAV?$Basic2DArray@U?$HPoint_nD@M$02@PLib@@@0@HH@Z)
GSNurbsPiece.obj : error LNK2001: 无法解析的外部符号 "void __cdecl PLib::initBasic2DArray<struct PLib::HPoint_nD<float,3> >(class PLib::Basic2DArray<struct PLib::HPoint_nD<float,3> > &,int,int)" (??$initBasic2DArray@U?$HPoint_nD@M$02@PLib@@@PLib@@YAXAEAV?$Basic2DArray@U?$HPoint_nD@M$02@PLib@@@0@HH@Z)
GSNurbsPoint.obj : error LNK2001: 无法解析的外部符号 "void __cdecl PLib::initBasic2DArray<struct PLib::HPoint_nD<float,3> >(class PLib::Basic2DArray<struct PLib::HPoint_nD<float,3> > &,int,int)" (??$initBasic2DArray@U?$HPoint_nD@M$02@PLib@@@PLib@@YAXAEAV?$Basic2DArray@U?$HPoint_nD@M$02@PLib@@@0@HH@Z)
GSSeawingInfo.obj : error LNK2001: 无法解析的外部符号 "void __cdecl PLib::initBasic2DArray<struct PLib::HPoint_nD<float,3> >(class PLib::Basic2DArray<struct PLib::HPoint_nD<float,3> > &,int,int)" (??$initBasic2DArray@U?$HPoint_nD@M$02@PLib@@@PLib@@YAXAEAV?$Basic2DArray@U?$HPoint_nD@M$02@PLib@@@0@HH@Z)
MyGraphicsItem.obj : error LNK2001: 无法解析的外部符号 "void __cdecl PLib::initBasic2DArray<struct PLib::HPoint_nD<float,3> >(class PLib::Basic2DArray<struct PLib::HPoint_nD<float,3> > &,int,int)" (??$initBasic2DArray@U?$HPoint_nD@M$02@PLib@@@PLib@@YAXAEAV?$Basic2DArray@U?$HPoint_nD@M$02@PLib@@@0@HH@Z)
Transform_tools.obj : error LNK2001: 无法解析的外部符号 "void __cdecl PLib::initBasic2DArray<struct PLib::HPoint_nD<float,3> >(class PLib::Basic2DArray<struct PLib::HPoint_nD<float,3> > &,int,int)" (??$initBasic2DArray@U?$HPoint_nD@M$02@PLib@@@PLib@@YAXAEAV?$Basic2DArray@U?$HPoint_nD@M$02@PLib@@@0@HH@Z)
Draw_Manager.obj : error LNK2001: 无法解析的外部符号 "void __cdecl PLib::initBasic2DArray<struct PLib::HPoint_nD<float,3> >(class PLib::Basic2DArray<struct PLib::HPoint_nD<float,3> > &,int,int)" (??$initBasic2DArray@U?$HPoint_nD@M$02@PLib@@@PLib@@YAXAEAV?$Basic2DArray@U?$HPoint_nD@M$02@PLib@@@0@HH@Z)
GSCloth.obj : error LNK2001: 无法解析的外部符号 "void __cdecl PLib::initBasic2DArray<struct PLib::HPoint_nD<float,3> >(class PLib::Basic2DArray<struct PLib::HPoint_nD<float,3> > &,int,int)" (??$initBasic2DArray@U?$HPoint_nD@M$02@PLib@@@PLib@@YAXAEAV?$Basic2DArray@U?$HPoint_nD@M$02@PLib@@@0@HH@Z)
GSNurbsCurve.obj : error LNK2001: 无法解析的外部符号 "void __cdecl PLib::initBasic2DArray<struct PLib::HPoint_nD<float,3> >(class PLib::Basic2DArray<struct PLib::HPoint_nD<float,3> > &,int,int)" (??$initBasic2DArray@U?$HPoint_nD@M$02@PLib@@@PLib@@YAXAEAV?$Basic2DArray@U?$HPoint_nD@M$02@PLib@@@0@HH@Z)
moc_MyGraphicsScene.obj : error LNK2001: 无法解析的外部符号 "void __cdecl PLib::resizeKeepBasic2DArray<struct PLib::HPoint_nD<float,3> >(class PLib::Basic2DArray<struct PLib::HPoint_nD<float,3> > &,int,int)" (??$resizeKeepBasic2DArray@U?$HPoint_nD@M$02@PLib@@@PLib@@YAXAEAV?$Basic2DArray@U?$HPoint_nD@M$02@PLib@@@0@HH@Z)
moc_MyGraphicsView.obj : error LNK2001: 无法解析的外部符号 "void __cdecl PLib::resizeKeepBasic2DArray<struct PLib::HPoint_nD<float,3> >(class PLib::Basic2DArray<struct PLib::HPoint_nD<float,3> > &,int,int)" (??$resizeKeepBasic2DArray@U?$HPoint_nD@M$02@PLib@@@PLib@@YAXAEAV?$Basic2DArray@U?$HPoint_nD@M$02@PLib@@@0@HH@Z)
moc_QtWidgetsApplication1.obj : error LNK2001: 无法解析的外部符号 "void __cdecl PLib::resizeKeepBasic2DArray<struct PLib::HPoint_nD<float,3> >(class PLib::Basic2DArray<struct PLib::HPoint_nD<float,3> > &,int,int)" (??$resizeKeepBasic2DArray@U?$HPoint_nD@M$02@PLib@@@PLib@@YAXAEAV?$Basic2DArray@U?$HPoint_nD@M$02@PLib@@@0@HH@Z)
MyGraphicsScene.obj : error LNK2001: 无法解析的外部符号 "void __cdecl PLib::resizeKeepBasic2DArray<struct PLib::HPoint_nD<float,3> >(class PLib::Basic2DArray<struct PLib::HPoint_nD<float,3> > &,int,int)" (??$resizeKeepBasic2DArray@U?$HPoint_nD@M$02@PLib@@@PLib@@YAXAEAV?$Basic2DArray@U?$HPoint_nD@M$02@PLib@@@0@HH@Z)
MyGraphicsView.obj : error LNK2001: 无法解析的外部符号 "void __cdecl PLib::resizeKeepBasic2DArray<struct PLib::HPoint_nD<float,3> >(class PLib::Basic2DArray<struct PLib::HPoint_nD<float,3> > &,int,int)" (??$resizeKeepBasic2DArray@U?$HPoint_nD@M$02@PLib@@@PLib@@YAXAEAV?$Basic2DArray@U?$HPoint_nD@M$02@PLib@@@0@HH@Z)
QtWidgetsApplication1.obj : error LNK2001: 无法解析的外部符号 "void __cdecl PLib::resizeKeepBasic2DArray<struct PLib::HPoint_nD<float,3> >(class PLib::Basic2DArray<struct PLib::HPoint_nD<float,3> > &,int,int)" (??$resizeKeepBasic2DArray@U?$HPoint_nD@M$02@PLib@@@PLib@@YAXAEAV?$Basic2DArray@U?$HPoint_nD@M$02@PLib@@@0@HH@Z)
main.obj : error LNK2001: 无法解析的外部符号 "void __cdecl PLib::resizeKeepBasic2DArray<struct PLib::HPoint_nD<float,3> >(class PLib::Basic2DArray<struct PLib::HPoint_nD<float,3> > &,int,int)" (??$resizeKeepBasic2DArray@U?$HPoint_nD@M$02@PLib@@@PLib@@YAXAEAV?$Basic2DArray@U?$HPoint_nD@M$02@PLib@@@0@HH@Z)
GSNurbsPiece.obj : error LNK2001: 无法解析的外部符号 "void __cdecl PLib::resizeKeepBasic2DArray<struct PLib::HPoint_nD<float,3> >(class PLib::Basic2DArray<struct PLib::HPoint_nD<float,3> > &,int,int)" (??$resizeKeepBasic2DArray@U?$HPoint_nD@M$02@PLib@@@PLib@@YAXAEAV?$Basic2DArray@U?$HPoint_nD@M$02@PLib@@@0@HH@Z)
GSNurbsPoint.obj : error LNK2001: 无法解析的外部符号 "void __cdecl PLib::resizeKeepBasic2DArray<struct PLib::HPoint_nD<float,3> >(class PLib::Basic2DArray<struct PLib::HPoint_nD<float,3> > &,int,int)" (??$resizeKeepBasic2DArray@U?$HPoint_nD@M$02@PLib@@@PLib@@YAXAEAV?$Basic2DArray@U?$HPoint_nD@M$02@PLib@@@0@HH@Z)
GSSeawingInfo.obj : error LNK2001: 无法解析的外部符号 "void __cdecl PLib::resizeKeepBasic2DArray<struct PLib::HPoint_nD<float,3> >(class PLib::Basic2DArray<struct PLib::HPoint_nD<float,3> > &,int,int)" (??$resizeKeepBasic2DArray@U?$HPoint_nD@M$02@PLib@@@PLib@@YAXAEAV?$Basic2DArray@U?$HPoint_nD@M$02@PLib@@@0@HH@Z)
MyGraphicsItem.obj : error LNK2001: 无法解析的外部符号 "void __cdecl PLib::resizeKeepBasic2DArray<struct PLib::HPoint_nD<float,3> >(class PLib::Basic2DArray<struct PLib::HPoint_nD<float,3> > &,int,int)" (??$resizeKeepBasic2DArray@U?$HPoint_nD@M$02@PLib@@@PLib@@YAXAEAV?$Basic2DArray@U?$HPoint_nD@M$02@PLib@@@0@HH@Z)
Transform_tools.obj : error LNK2001: 无法解析的外部符号 "void __cdecl PLib::resizeKeepBasic2DArray<struct PLib::HPoint_nD<float,3> >(class PLib::Basic2DArray<struct PLib::HPoint_nD<float,3> > &,int,int)" (??$resizeKeepBasic2DArray@U?$HPoint_nD@M$02@PLib@@@PLib@@YAXAEAV?$Basic2DArray@U?$HPoint_nD@M$02@PLib@@@0@HH@Z)
Draw_Manager.obj : error LNK2001: 无法解析的外部符号 "void __cdecl PLib::resizeKeepBasic2DArray<struct PLib::HPoint_nD<float,3> >(class PLib::Basic2DArray<struct PLib::HPoint_nD<float,3> > &,int,int)" (??$resizeKeepBasic2DArray@U?$HPoint_nD@M$02@PLib@@@PLib@@YAXAEAV?$Basic2DArray@U?$HPoint_nD@M$02@PLib@@@0@HH@Z)
GSCloth.obj : error LNK2001: 无法解析的外部符号 "void __cdecl PLib::resizeKeepBasic2DArray<struct PLib::HPoint_nD<float,3> >(class PLib::Basic2DArray<struct PLib::HPoint_nD<float,3> > &,int,int)" (??$resizeKeepBasic2DArray@U?$HPoint_nD@M$02@PLib@@@PLib@@YAXAEAV?$Basic2DArray@U?$HPoint_nD@M$02@PLib@@@0@HH@Z)
GSNurbsCurve.obj : error LNK2001: 无法解析的外部符号 "void __cdecl PLib::resizeKeepBasic2DArray<struct PLib::HPoint_nD<float,3> >(class PLib::Basic2DArray<struct PLib::HPoint_nD<float,3> > &,int,int)" (??$resizeKeepBasic2DArray@U?$HPoint_nD@M$02@PLib@@@PLib@@YAXAEAV?$Basic2DArray@U?$HPoint_nD@M$02@PLib@@@0@HH@Z)
moc_MyGraphicsScene.obj : error LNK2001: 无法解析的外部符号 "void __cdecl PLib::resizeBasicArray<struct PLib::HPoint_nD<float,3> >(class PLib::BasicArray<struct PLib::HPoint_nD<float,3> > &,int)" (??$resizeBasicArray@U?$HPoint_nD@M$02@PLib@@@PLib@@YAXAEAV?$BasicArray@U?$HPoint_nD@M$02@PLib@@@0@H@Z)
moc_MyGraphicsView.obj : error LNK2001: 无法解析的外部符号 "void __cdecl PLib::resizeBasicArray<struct PLib::HPoint_nD<float,3> >(class PLib::BasicArray<struct PLib::HPoint_nD<float,3> > &,int)" (??$resizeBasicArray@U?$HPoint_nD@M$02@PLib@@@PLib@@YAXAEAV?$BasicArray@U?$HPoint_nD@M$02@PLib@@@0@H@Z)
moc_QtWidgetsApplication1.obj : error LNK2001: 无法解析的外部符号 "void __cdecl PLib::resizeBasicArray<struct PLib::HPoint_nD<float,3> >(class PLib::BasicArray<struct PLib::HPoint_nD<float,3> > &,int)" (??$resizeBasicArray@U?$HPoint_nD@M$02@PLib@@@PLib@@YAXAEAV?$BasicArray@U?$HPoint_nD@M$02@PLib@@@0@H@Z)
MyGraphicsScene.obj : error LNK2001: 无法解析的外部符号 "void __cdecl PLib::resizeBasicArray<struct PLib::HPoint_nD<float,3> >(class PLib::BasicArray<struct PLib::HPoint_nD<float,3> > &,int)" (??$resizeBasicArray@U?$HPoint_nD@M$02@PLib@@@PLib@@YAXAEAV?$BasicArray@U?$HPoint_nD@M$02@PLib@@@0@H@Z)
MyGraphicsView.obj : error LNK2001: 无法解析的外部符号 "void __cdecl PLib::resizeBasicArray<struct PLib::HPoint_nD<float,3> >(class PLib::BasicArray<struct PLib::HPoint_nD<float,3> > &,int)" (??$resizeBasicArray@U?$HPoint_nD@M$02@PLib@@@PLib@@YAXAEAV?$BasicArray@U?$HPoint_nD@M$02@PLib@@@0@H@Z)
QtWidgetsApplication1.obj : error LNK2001: 无法解析的外部符号 "void __cdecl PLib::resizeBasicArray<struct PLib::HPoint_nD<float,3> >(class PLib::BasicArray<struct PLib::HPoint_nD<float,3> > &,int)" (??$resizeBasicArray@U?$HPoint_nD@M$02@PLib@@@PLib@@YAXAEAV?$BasicArray@U?$HPoint_nD@M$02@PLib@@@0@H@Z)
main.obj : error LNK2001: 无法解析的外部符号 "void __cdecl PLib::resizeBasicArray<struct PLib::HPoint_nD<float,3> >(class PLib::BasicArray<struct PLib::HPoint_nD<float,3> > &,int)" (??$resizeBasicArray@U?$HPoint_nD@M$02@PLib@@@PLib@@YAXAEAV?$BasicArray@U?$HPoint_nD@M$02@PLib@@@0@H@Z)
GSNurbsPiece.obj : error LNK2001: 无法解析的外部符号 "void __cdecl PLib::resizeBasicArray<struct PLib::HPoint_nD<float,3> >(class PLib::BasicArray<struct PLib::HPoint_nD<float,3> > &,int)" (??$resizeBasicArray@U?$HPoint_nD@M$02@PLib@@@PLib@@YAXAEAV?$BasicArray@U?$HPoint_nD@M$02@PLib@@@0@H@Z)
GSNurbsPoint.obj : error LNK2001: 无法解析的外部符号 "void __cdecl PLib::resizeBasicArray<struct PLib::HPoint_nD<float,3> >(class PLib::BasicArray<struct PLib::HPoint_nD<float,3> > &,int)" (??$resizeBasicArray@U?$HPoint_nD@M$02@PLib@@@PLib@@YAXAEAV?$BasicArray@U?$HPoint_nD@M$02@PLib@@@0@H@Z)
GSSeawingInfo.obj : error LNK2001: 无法解析的外部符号 "void __cdecl PLib::resizeBasicArray<struct PLib::HPoint_nD<float,3> >(class PLib::BasicArray<struct PLib::HPoint_nD<float,3> > &,int)" (??$resizeBasicArray@U?$HPoint_nD@M$02@PLib@@@PLib@@YAXAEAV?$BasicArray@U?$HPoint_nD@M$02@PLib@@@0@H@Z)
MyGraphicsItem.obj : error LNK2001: 无法解析的外部符号 "void __cdecl PLib::resizeBasicArray<struct PLib::HPoint_nD<float,3> >(class PLib::BasicArray<struct PLib::HPoint_nD<float,3> > &,int)" (??$resizeBasicArray@U?$HPoint_nD@M$02@PLib@@@PLib@@YAXAEAV?$BasicArray@U?$HPoint_nD@M$02@PLib@@@0@H@Z)
Transform_tools.obj : error LNK2001: 无法解析的外部符号 "void __cdecl PLib::resizeBasicArray<struct PLib::HPoint_nD<float,3> >(class PLib::BasicArray<struct PLib::HPoint_nD<float,3> > &,int)" (??$resizeBasicArray@U?$HPoint_nD@M$02@PLib@@@PLib@@YAXAEAV?$BasicArray@U?$HPoint_nD@M$02@PLib@@@0@H@Z)
Draw_Manager.obj : error LNK2001: 无法解析的外部符号 "void __cdecl PLib::resizeBasicArray<struct PLib::HPoint_nD<float,3> >(class PLib::BasicArray<struct PLib::HPoint_nD<float,3> > &,int)" (??$resizeBasicArray@U?$HPoint_nD@M$02@PLib@@@PLib@@YAXAEAV?$BasicArray@U?$HPoint_nD@M$02@PLib@@@0@H@Z)
GSCloth.obj : error LNK2001: 无法解析的外部符号 "void __cdecl PLib::resizeBasicArray<struct PLib::HPoint_nD<float,3> >(class PLib::BasicArray<struct PLib::HPoint_nD<float,3> > &,int)" (??$resizeBasicArray@U?$HPoint_nD@M$02@PLib@@@PLib@@YAXAEAV?$BasicArray@U?$HPoint_nD@M$02@PLib@@@0@H@Z)
GSNurbsCurve.obj : error LNK2001: 无法解析的外部符号 "void __cdecl PLib::resizeBasicArray<struct PLib::HPoint_nD<float,3> >(class PLib::BasicArray<struct PLib::HPoint_nD<float,3> > &,int)" (??$resizeBasicArray@U?$HPoint_nD@M$02@PLib@@@PLib@@YAXAEAV?$BasicArray@U?$HPoint_nD@M$02@PLib@@@0@H@Z)
F:\qtvs\QtWidgetsApplication1\x64\Release\QtWidgetsApplication1.exe : fatal error LNK1120: 3 个无法解析的外部命令
